<?xml version="1.0" encoding="UTF-8"?>
<testsuite name="com.uestc.leetcode.ThreeSumTest" tests="1" skipped="0" failures="0" errors="0" timestamp="2019-06-14T05:30:55" hostname="DESKTOP-5FQ409H" time="0.002">
  <properties/>
  <testcase name="threeSum" classname="com.uestc.leetcode.ThreeSumTest" time="0.002"/>
  <system-out><![CDATA[]]></system-out>
  <system-err><![CDATA[]]></system-err>
</testsuite>
